=== LOG FOR: 6001-263_ES.xml ===
Source XML: 6001-263.xml
Translations JSON: Video_OST_forTRA_ES.json
Total Replaced: 82
Missing Keys: 2
Empty Layers: 0
========================================

=== REPLACED ===
1. [OK] Repeat this steps [1 to 7] then for all floors. Once all done click on "Done" → Repita estos pasos [1 a 7] para todos los pisos. Una vez realizado todo el proceso, haga clic en "Hecho"
2. [OK] If the commissioned floor is successful then the Blue tooth Icon in the App turns to Green. → Si la puesta en marcha en el piso seleccionado es correcta, el icono Bluetooth de la aplicación se vuelve verde.
3. [OK] If it is correct, Continue with the Confirm Button. → Si es correcto, continúe con el botón Confirmar.
4. [OK] Check if the floor and side is correct. → Compruebe que el piso y el embarque sean correctos.
5. [OK] Once the BLE beacon has been discovered it can be selected and click to "Assign" → Una vez detectada la baliza BLE ésta se puede seleccionar y hacer clic en "Asignar"
6. [OK] Once the BLE beacon has been discovered it can be selected and click to "Assign" → Una vez detectada la baliza BLE ésta se puede seleccionar y hacer clic en "Asignar"
7. [OK] Then click Done → A continuación, haga clic en Hecho
8. [OK] For the integrated BLE module, 15 Seconds just after the teaching is done on the LOP the BLE module is triggered into commissioning mode. Select it. → En el caso del módulo BLE integrado, 15 segundos después de que se lleve a cabo el Teach-in en la LOP, el módulo BLE pasa al modo de puesta en marcha. Selecciónelo.
9. [OK] Activation of Fl X 500/600 LOP BLE Beacon to Commissioning mode. → Activación de la baliza LOP BLE FI X 500/600 al modo de Puesta en marcha.
10. [OK] To configure the BLE, please bring the LOP into teaching mode, as per chapter 4 of this eLearning, → Para configurar la BLE, ponga la LOP en modo Teach-in, de acuerdo con el capítulo 4 de esta formación en línea.
11. [OK] Then go ahead with "Continue" → Luego siga adelante con “Continuar”
12. [OK] Check Equipment information on the app → Consulte la información del equipo en la app
13. [OK] Then Click "Confirm" → A continuación, haga clic en "Confirmar"
14. [OK] Enter here the Equipment number of this elevator Manually or scan it. → Introduzca aquí el número de equipo del ascensor manualmente o escanéelo.
15. [OK] Click here on ElevateMe Commissioning → Haga clic en Puesta en marcha de ElevateMe
16. [OK] Click here on ElevateMe Commissioning → Haga clic en Puesta en marcha de ElevateMe
17. [OK] Click on procedures → Haga clic en procedimientos
18. [OK] On the Overview screen → En la pantalla de descripción general
19. [OK] Start the mobile app, → Inicie la aplicación móvil,
20. [OK] Commissioning done, finish with left upper arrow or close the iSpeci → Una vez finalizada la puesta en marcha, pulse la flecha superior izquierda para terminar o cierre iSpeci
21. [OK] To proceed click on "Finish" → Para continuar, haga clic en “Finalizar”
22. [OK] Once the changes are applied, iSpeci indicates that as successful. → Una vez aplicados los cambios, iSpeci indica que se han realizado correctamente.
23. [OK] Please Check and change all the parameters according to your needs and then click on "Configure". → Compruebe y modifique todos los parámetros de acuerdo con sus necesidades y, a continuación, haga clic en “Configurar”.
24. [OK] Hence these steps can be used as verification to check if the communication towards the display is working proper. → Por lo tanto, estos pasos se pueden utilizar como verificación para comprobar si la comunicación con la pantalla funciona correctamente.
25. [OK] These steps are performed directly through the network towards the device. → Estos pasos se realizan directamente, a través de la red, en el dispositivo.
26. [OK] Link screen is successful, Click on Serial number to configure. → La vinculación de pantalla se ha realizado correctamente. Haga clic en Número de serie para configurar.
27. [OK] Link screen is successful, Click on Serial number to configure. → La vinculación de pantalla se ha realizado correctamente. Haga clic en Número de serie para configurar.
28. [OK] To restart the display disconnect the power plug behind the COP. → Para reiniciar la pantalla, desenchufe el conector de alimentación situado detrás de la COP.
29. [OK] The QR code is only shown 1 hour after start. If QR code is not showing on a unconfigured device, restart the screen, then Scan the QR code. → El código QR solo se muestra durante 1 hora tras el inicio. Si el código QR no se muestra en un dispositivo no configurado, reinicie la pantalla y luego escanee el código QR.
30. [OK] Scan the QR code which is shown on the COP screen. → Escanee el código QR que aparece en la pantalla de la COP.
31. [OK] Click on "Link Screen Device". → Haga clic en ”Vincular dispositivo de pantalla”.
32. [OK] Then go ahead with "Continue" → Luego siga adelante con “Continuar”
33. [OK] Check on this screen if equipment number, address and location are correct. → En esta pantalla, compruebe si el número de equipo, la dirección y la ubicación son correctos.
34. [OK] Then Click "Confirm" → A continuación, haga clic en "Confirmar"
35. [OK] In Screen Configuration enter the Equipment number of this elevator Manually or scan it. → En Configuración de la pantalla, introduzca manualmente el número de equipo de este ascensor o escanéelo.
36. [OK] In Procedures Click on Screen Configuration → En Procedimientos, haga clic en Configuración de pantalla
37. [OK] In Procedures Click on Screen Configuration → En Procedimientos, haga clic en Configuración de pantalla
38. [OK] Click on procedures → Haga clic en procedimientos
39. [OK] On the Overview screen → En la pantalla de descripción general
40. [OK] Start the mobile app, → Inicie la aplicación móvil,
41. [OK] The configuration is Completed. → La configuración se ha completado.
42. [OK] This can take up to 5 minutes. → Esto puede tardar hasta 5 minutos.
43. [OK] The numbers are written onto the ETMA. → Los números se escriben en el ETMA.
44. [OK] In case the alarm calls should go directly to the customer, adapt them, else proceed. → En caso de que las llamadas de alarma deban ir directamente al cliente, adáptelas, en caso contrario, continúe.
45. [OK] The default numbers are loaded. → Se cargan los números predeterminados.
46. [OK] Make sure the Module Number matches to the Lift ID → Asegúrese de que el Número de módulo  coincida con el ID del ascensor
47. [OK] Select TeleAlarm El. → Seleccione TeleAlarm El.
48. [OK] Make sure the TA Modem Type and the Equipment Number are correct confirm that the TA for above Equipment is connected. → Asegúrese de que el tipo de módem TA y el número de equipo sean correctos. Confirme que el TA del equipo mencionado anteriormente esté conectado.
49. [OK] Make sure the TA Modem Type and the Equipment Number are correct confirm that the TA for above Equipment is connected. → Asegúrese de que el tipo de módem TA y el número de equipo sean correctos. Confirme que el TA del equipo mencionado anteriormente esté conectado.
50. [OK] Click on the lower right arrow and proceed. → Haga clic en la flecha inferior derecha y continúe.
51. [OK] In case of an ETMA installed, ADD TELEALARM and Proceed. → En caso de tener un ETMA instalado, active AÑADIR TELEALARMA y continúe.
52. [OK] 1st step CUBE Configuration is Done. → Primer paso, configuración de CUBE, realizado.
53. [OK] Please wait for configuration to get completed → Espere a que se complete la configuración
54. [OK] Enable the Display devices in order to enable the display function within the Cube. → Habilite los dispositivos de visualización para activar la función de visualización dentro de Cube.
55. [OK] ETM Detect Modem Success is expected, if failed, check the connection to the ETMA. → Se espera que el ETM detecte éxito en el módem, si falla, verifique la conexión al ETMA.
56. [OK] In Commands ETM Detect mode "OK" → En el modo de detección ETM de comandos (Commands ETM Detect), seleccione “OK”
57. [OK] In the Main Menu go to Commands. → En el menú principal, vaya a Commands (Comandos).
58. [OK] Log in on the SMLCD. → Inicie sesión en el SMLCD.
59. [OK] Modem detection for ETMA. → Detección de módem para ETMA.
60. [OK] Once the elevator has been configured, incase ETMA is installed select it under TA Modem Type and continue with the next steps. → Una vez configurado el ascensor, y en caso de que esté instalado ETMA, selecciónelo en Tipo de módem TA  y continúe con los siguientes pasos.
61. [OK] Wait Until the elevator has been Configured. → Espere hasta que el ascensor haya sido configurado.
62. [OK] Enter the received, CUBE mobile number via SMS. → Introduzca el número de móvil CUBE recibido vía SMS.
63. [OK] Send SMS and enter SIM phone number. → Envíe un SMS e introduzca el número de teléfono SIM.
64. [OK] Please Select CUBE → Seleccione CUBE
65. [OK] Wait Until the CUBE preparation gets done. → Espere hasta que se complete la preparación del CUBE.
66. [OK] G W-xx CUBE serial number. → G W-xx CUBE número de serie.
67. [OK] In Secure Comm go to Approve. → En Secure Comm (Comunicación segura) vaya a Approve (Aprobar).
68. [OK] In Commands go to Secure Comm → En Commands  (Comandos) vaya a Secure Comm (Comunicación segura)
69. [OK] In the Main Menu go to Commands. → En el menú principal, vaya a Commands (Comandos).
70. [OK] Log in on the SMLCD. → Inicie sesión en el SMLCD.
71. [OK] Approve secure communication → Apruebe la comunicación segura
72. [OK] Wait until the Cube preparation gets done. → Espere hasta que se complete la preparación del CUBE.
73. [OK] Select Ethernet and the correct Group / Lift ID and go to the next steps. → Seleccione Ethernet, el ID de grupo/ascensor correcto y vaya a los siguientes pasos.
74. [OK] Select Controller Type, (SC1/SCX) → Seleccione el tipo de maniobra, (SC1/SCX)
75. [OK] To which Controller your Cube is connected. → A qué maniobra está conectado su CUBE.
76. [OK] Select Elevator and go to the next step. → Seleccione Ascensor y vaya al siguiente paso.
77. [OK] For the installation type you are setting up → Para el tipo de instalación que está configurando
78. [OK] Click on "Guided Mode" → Haga clic en “Modo guiado”
79. [OK] Please select the cube you want to commission. → Seleccione el CUBE que desea poner en marcha.
80. [OK] If multiple cubes are found → Si se detectan varios CUBE
81. [OK] Click on "Connect" → Haga clic en "Conectar"
82. [OK] Enter the equipment number, check the address → Introduzca el número de equipo, verifique la dirección

=== MISSING ===
1. [MISSING] iSpeci
2. [MISSING] iSpeci

=== EMPTY ===


⏱ Duration: 0.00 seconds
